C51 COMPILER V9.60.7.0   BUZZER                                                            10/31/2024 01:03:50 PAGE 1   


C51 COMPILER V9.60.7.0, COMPILATION OF MODULE BUZZER
OBJECT MODULE PLACED IN .\Objects\Buzzer.obj
COMPILER INVOKED BY: D:\Developer\Keil_5\C51\BIN\C51.EXE Buzzer.c OPTIMIZE(8,SPEED) BROWSE DEBUG OBJECTEXTEND PRINT(.\Li
                    -stings\Buzzer.lst) OBJECT(.\Objects\Buzzer.obj)

line level    source

   1          /**************************************************
   2           * Author:       陈震雄
   3           * Date:         2024-10-30
   4           * Description:  蜂鸣器鸣叫
   5           **************************************************/
   6          
   7          #include <REGX52.H>
   8          #include <INTRINS.H>
   9          #include "Timer.h"
  10          sbit Buzzer = P2^5;
  11          unsigned char flag = 0;
  12          
  13          /**
  14            * @brief  让蜂鸣器开始鸣叫，与T1计时器一起使用，1kHz
  15            * @param  无
  16            * @retval 无
  17            */
  18          void setBuzzer(){
  19   1              if (flag) {
  20   2                      Buzzer=!Buzzer;
  21   2                      flag = 0;
  22   2              }               
  23   1      }
  24          
  25          /********************T1计时器中断处理-蜂鸣器鸣叫*************************/
  26          void Timer1_Routine() interrupt 3 {     // 500微秒一次中断
  27   1              TL1 = 0x66;        // 设置定时初值
  28   1          TH1 = 0xEA;        // 设置定时初值
  29   1              
  30   1              // 500微秒置1，即1kHZ振动蜂鸣器
  31   1              flag = 1;
  32   1      }


MODULE INFORMATION:   STATIC OVERLAYABLE
   CODE SIZE        =     20    ----
   CONSTANT SIZE    =   ----    ----
   XDATA SIZE       =   ----    ----
   PDATA SIZE       =   ----    ----
   DATA SIZE        =      1    ----
   IDATA SIZE       =   ----    ----
   BIT SIZE         =   ----    ----
END OF MODULE INFORMATION.


C51 COMPILATION COMPLETE.  0 WARNING(S),  0 ERROR(S)
