C51 COMPILER V9.60.7.0   DS18B20                                                           11/01/2024 22:59:34 PAGE 1   


C51 COMPILER V9.60.7.0, COMPILATION OF MODULE DS18B20
OBJECT MODULE PLACED IN .\Objects\DS18B20.obj
COMPILER INVOKED BY: D:\Developer\Keil_5\C51\BIN\C51.EXE DS18B20.c OPTIMIZE(8,SPEED) BROWSE DEBUG OBJECTEXTEND PRINT(.\L
                    -istings\DS18B20.lst) OBJECT(.\Objects\DS18B20.obj)

line level    source

   1          /**************************************************
   2           * Author:       陈震雄
   3           * Date:         2024-11-1
   4           * Description:  温度传感器
   5           **************************************************/
   6          #include <REGX52.H>
   7          #include "OneWire.h"
   8          
   9          //DS18B20指令
  10          #define DS18B20_SKIP_ROM                        0xCC
  11          #define DS18B20_CONVERT_T                       0x44
  12          #define DS18B20_READ_SCRATCHPAD         0xBE
  13          
  14          float t = 0;
  15          /**
  16            * @brief  DS18B20开始温度变换
  17            * @param  无
  18            * @retval 无
  19            */
  20          void DS18B20_ConvertT(void)
  21          {
  22   1              OneWire_Init();
  23   1              OneWire_SendByte(DS18B20_SKIP_ROM);
  24   1              OneWire_SendByte(DS18B20_CONVERT_T);
  25   1      }
  26          
  27          /**
  28            * @brief  DS18B20读取温度
  29            * @param  无
  30            * @retval 温度数值
  31            */
  32          float DS18B20_ReadT(void)
  33          {
  34   1              unsigned char TLSB,TMSB;
  35   1              int Temp;
  36   1              float T;
  37   1              OneWire_Init();
  38   1              OneWire_SendByte(DS18B20_SKIP_ROM);
  39   1              OneWire_SendByte(DS18B20_READ_SCRATCHPAD);
  40   1              TLSB=OneWire_ReceiveByte();
  41   1              TMSB=OneWire_ReceiveByte();
  42   1              Temp=(TMSB<<8)|TLSB;
  43   1              T=Temp/16.0;
  44   1              return T;
  45   1      }
  46          
  47          /**
  48            * @brief 返回温度变换后50ms读取的温度值
  49            * @param  无
  50            * @retval 温度数值
  51            */
  52          float getT(void) 
  53          {
  54   1              DS18B20_ConvertT();
C51 COMPILER V9.60.7.0   DS18B20                                                           11/01/2024 22:59:34 PAGE 2   

  55   1              return t;
  56   1      }


MODULE INFORMATION:   STATIC OVERLAYABLE
   CODE SIZE        =     68    ----
   CONSTANT SIZE    =   ----    ----
   XDATA SIZE       =   ----    ----
   PDATA SIZE       =   ----    ----
   DATA SIZE        =      4       1
   IDATA SIZE       =   ----    ----
   BIT SIZE         =   ----    ----
END OF MODULE INFORMATION.


C51 COMPILATION COMPLETE.  0 WARNING(S),  0 ERROR(S)
