C51 COMPILER V9.60.7.0   KEY                                                               11/01/2024 02:23:07 PAGE 1   


C51 COMPILER V9.60.7.0, COMPILATION OF MODULE KEY
OBJECT MODULE PLACED IN .\Objects\Key.obj
COMPILER INVOKED BY: D:\Developer\Keil_5\C51\BIN\C51.EXE Key.c OPTIMIZE(8,SPEED) BROWSE DEBUG OBJECTEXTEND PRINT(.\Listi
                    -ngs\Key.lst) OBJECT(.\Objects\Key.obj)

line level    source

   1          /**************************************************
   2           * Author:       陈震雄
   3           * Date:         2024-10-30
   4           * Description:  与独立按键有关的函数
   5           **************************************************/
   6          
   7          
   8          #include <REGX52.H>
   9          #include "Delay.h"
  10          
  11          
  12          /**
  13            * @brief  获取独立按键键码
  14            * @param  无
  15            * @retval 按下按键的键码，范围：1~4，无按键按下时返回值为0
  16            */
  17          unsigned char Key()
  18          {
  19   1              unsigned char KeyNumber=0;
  20   1              
  21   1              if(P3_1==0){delay(20);while(P3_1==0);delay(20);KeyNumber=1;}
  22   1              if(P3_0==0){delay(20);while(P3_0==0);delay(20);KeyNumber=2;}
  23   1              if(P3_2==0){delay(20);while(P3_2==0);delay(20);KeyNumber=3;}
  24   1              if(P3_3==0){delay(20);while(P3_3==0);delay(20);KeyNumber=4;}
  25   1              
  26   1              return KeyNumber;
  27   1      }


MODULE INFORMATION:   STATIC OVERLAYABLE
   CODE SIZE        =     97    ----
   CONSTANT SIZE    =   ----    ----
   XDATA SIZE       =   ----    ----
   PDATA SIZE       =   ----    ----
   DATA SIZE        =   ----       1
   IDATA SIZE       =   ----    ----
   BIT SIZE         =   ----    ----
END OF MODULE INFORMATION.


C51 COMPILATION COMPLETE.  0 WARNING(S),  0 ERROR(S)
