C51 COMPILER V9.60.7.0   MAIN                                                              11/01/2024 22:55:57 PAGE 1   


C51 COMPILER V9.60.7.0, COMPILATION OF MODULE MAIN
OBJECT MODULE PLACED IN .\Objects\main.obj
COMPILER INVOKED BY: D:\Developer\Keil_5\C51\BIN\C51.EXE main.c OPTIMIZE(8,SPEED) BROWSE DEBUG OBJECTEXTEND PRINT(.\List
                    -ings\main.lst) OBJECT(.\Objects\main.obj)

line level    source

   1          /**************************************************
   2           * Author:       陈震雄
   3           * Date:         2024-10-29
   4           * Description:  交通灯实现文件
   5           **************************************************/
   6          #include "TrafficLight.h"
   7          #include <REGX52.H>
   8          #include "Timer.h"
   9          #include "LED.h"
  10          #include "Buzzer.h"
  11          #include "Key.h"
  12          #include "MatrixKey.h"
  13          #include "IR.h"
  14          #include "DS18B20.h"
  15          #include "Delay.h"
  16          /**************************交通灯************************************/
  17          // 交通灯结构体
  18          typedef struct {
  19              unsigned char greenLightPin;        // 绿灯对应的P2位寄存器
  20              unsigned char redLightPin;          // 红灯对应的P2位寄存器
  21              unsigned int time;                          // 所剩时间
  22              unsigned char flag;                         // 标识红/绿/黄灯
  23                  unsigned char isBlink;                  // 是否闪烁
  24          } TrafficLight;
  25          
  26          unsigned char isSet = 0;                // 是否进入设置倒计时模式
  27          sbit motor = P1^0;                              // 电风扇
  28          sbit Buzzer = P2^5;                                     // 蜂鸣器
  29          extern float t;                                         // 当前温度的值
  30          extern unsigned char buzzerFlag;        // 是否开始叫的一个判断依据
  31          // 置黄灯
  32          void setYellow(TrafficLight* self) {
  33   1          P2 &= ~(1 << self->greenLightPin);  // 打开绿灯
  34   1          P2 &= ~(1 << self->redLightPin);    // 打开红灯
  35   1          self->flag = YELLOW;
  36   1          self->time = YELLOWTIME;
  37   1      }
  38          
  39          // 置绿灯
  40          void setGreen(TrafficLight* self) {
  41   1          P2 &= ~(1 << self->greenLightPin);   // 打开绿灯
  42   1          P2 |= 1 << self->redLightPin;    // 关闭红灯
  43   1          self->flag = GREEN;
  44   1          self->time = GREENTIME;
  45   1      }
  46          
  47          // 置红灯
  48          void setRed(TrafficLight* self) {
  49   1          P2 |= 1 << self->greenLightPin;  // 关闭绿灯
  50   1          P2 &= ~(1 << self->redLightPin);     // 打开红灯
  51   1          self->flag = RED;
  52   1          self->time = REDTIME;
  53   1      }
  54          
C51 COMPILER V9.60.7.0   MAIN                                                              11/01/2024 22:55:57 PAGE 2   

  55          // 闪烁
  56          void blink(TrafficLight* self) {
  57   1              if (self->flag==RED) {
  58   2                      P2 ^= 1 << self->redLightPin;
  59   2              } else {
  60   2                      P2 ^= 1 << self->greenLightPin;
  61   2              }
  62   1      }
  63          
  64          // 南北向交通灯
  65          TrafficLight SN = {0, 1, GREENTIME, GREEN,0};
  66          
  67          // 东西向交通灯
  68          TrafficLight EW = {6, 7, REDTIME, RED,0};
  69          
  70          /**************************初始化函数************************************/
  71          void init() {
  72   1          setGreen(&SN);
  73   1          setRed(&EW);
  74   1              Timer0Init();
  75   1              IR_Init();
  76   1              Buzzer = 0;             // 防止蜂鸣器一通电就响
  77   1              motor = 0;              // 防止风扇一开始就转
  78   1              DS18B20_ConvertT();             //上电先转换一次温度，防止第一次读数据错误
  79   1              delay(1000);
  80   1      }
  81          
  82          /**************************主函数************************************/
  83          void main() {
  84   1              unsigned char keyNum = 0;
  85   1              unsigned char matrixKeyNum = INVALID;   
  86   1              unsigned char IRNum = INVALID;
  87   1              unsigned char i = 0;
  88   1              float T = 0;
  89   1              
  90   1          init();
  91   1      
  92   1          while(1) {
  93   2                      /**************************低于3s闪烁，否则正常(黄灯除外)**************************/
  94   2                      if (SN.isBlink) {       
  95   3                              showNum(1,666);
  96   3                      } else {
  97   3                              showNum(1, SN.time);
  98   3                      }
  99   2                      if (EW.isBlink) {       
 100   3                              showNum(2,666);
 101   3                      } else {
 102   3                              showNum(2, EW.time);
 103   3                      }
 104   2                      
 105   2                      /**************************绿灯&&低于3s开始鸣叫**************************/
 106   2                      if (SN.flag==GREEN&&SN.time<=BUZZERTIME) {
 107   3                              setBuzzer();
 108   3                      }
 109   2                      
 110   2                      if (EW.flag==GREEN&&EW.time<=BUZZERTIME) {
 111   3                              setBuzzer();
 112   3                      }
 113   2      
 114   2                      /*************紧急情况，延长红灯时间3秒(对应另一个路口它的状态也延长三秒)***
             -*************/
 115   2                      keyNum = Key();
C51 COMPILER V9.60.7.0   MAIN                                                              11/01/2024 22:55:57 PAGE 3   

 116   2                      if (keyNum==1) {
 117   3                              SN.time += 3;
 118   3                              EW.time += 3;
 119   3                      }
 120   2                      
 121   2                      /**************************温度过高，开始吹风扇**************************/
 122   2                      T=getT();       //读取温度
 123   2                      if (T>TH) 
 124   2                              motor = 1;
 125   2                      else
 126   2                              motor = 0;
 127   2                      /**************************设置倒计时模式(矩阵键盘)**************************/
 128   2                      if (keyNum == 2 && SN.flag!=YELLOW) {
 129   3                              isSet = 1;
 130   3                              SN.time = 0;
 131   3                              // 第二个数码管不显示
 132   3                              showNum(2,666);
 133   3      
 134   3                              // 获取两个输入
 135   3                              for(i=0;i<3;) {
 136   4                                      while(1) {
 137   5                                              showNum(1, SN.time);
 138   5                                              matrixKeyNum =  matrixKey();
 139   5                                              if (matrixKeyNum<INVALID) break; 
 140   5                                      }
 141   4                                      if (i<2&&matrixKeyNum<=10) {
 142   5                                              SN.time *= 10;
 143   5                                              SN.time += matrixKeyNum % 10;
 144   5                                              SN.time %= 100;
 145   5                                              ++i;
 146   5                                      }
 147   4                                      if (matrixKeyNum==ADDONE) {SN.time++; SN.time %= 100;}
 148   4                                      if (matrixKeyNum==SUBONE) {SN.time--; SN.time %= 100;}
 149   4                                      if (matrixKeyNum==OK) break;
 150   4                                      if (matrixKeyNum==CLEAR) {
 151   5                                              SN.time = 0;
 152   5                                              i=0;
 153   5                                      }
 154   4                                      matrixKeyNum = INVALID;
 155   4                              }
 156   3                              
 157   3                              if (SN.flag==GREEN) {
 158   4                                      // 南北绿灯，则东西只能红灯
 159   4                                      EW.flag=RED;
 160   4                                      EW.time = SN.time + YELLOWTIME;
 161   4                              } else {
 162   4                                      // 南北红灯，东西黄灯
 163   4                                      if (SN.time <= YELLOWTIME) {
 164   5                                              EW.flag = YELLOW;
 165   5                                              EW.time = SN.time;
 166   5                                      } else {
 167   5                                              // 南北红灯，东西绿灯
 168   5                                              EW.flag = GREEN;
 169   5                                              EW.time = SN.time - YELLOWTIME;
 170   5                                      }
 171   4                              }
 172   3                              isSet = 0;
 173   3                      }
 174   2                      /**************************设置倒计时模式(红外线遥控器)**************************/
 175   2                      if (IR_GetDataFlag() && IR_GetCommand() == IR_MODE) {
 176   3                              isSet = 1;
 177   3                              SN.time = 0;
C51 COMPILER V9.60.7.0   MAIN                                                              11/01/2024 22:55:57 PAGE 4   

 178   3                              
 179   3                              // 第二个数码管不显示
 180   3                              showNum(2,666);
 181   3                              // 获取两个输入
 182   3                              for(i=0;i<3;) {
 183   4                                      while(1) {
 184   5                                              showNum(1, SN.time);
 185   5                                              IRNum =  IR_GetNumber();
 186   5                                              if (IRNum<INVALID) break; 
 187   5                                      }
 188   4                                      if (i<2 && IRNum<10) {
 189   5                                              SN.time *= 10;
 190   5                                              SN.time += IRNum;
 191   5                                              SN.time %= 100;
 192   5                                              ++i;
 193   5                                      }
 194   4                                      if (IRNum==ADDONE) {SN.time++; SN.time %= 100;}
 195   4                                      if (IRNum==SUBONE) {SN.time--; SN.time %= 100;}
 196   4                                      if (IRNum==OK) {SN.time %= 100; break;}
 197   4                                      if (IRNum==CLEAR) {
 198   5                                              SN.time = 0;
 199   5                                              i=0;
 200   5                                      }
 201   4                                      IRNum = INVALID;
 202   4                              }
 203   3                              
 204   3                              if (SN.flag==GREEN) {
 205   4                                      // 南北绿灯，则东西只能红灯
 206   4                                      EW.flag=RED;
 207   4                                      EW.time = SN.time + YELLOWTIME;
 208   4                              } else {
 209   4                                      // 南北红灯，东西黄灯
 210   4                                      if (SN.time <= YELLOWTIME) {
 211   5                                              EW.flag = YELLOW;
 212   5                                              EW.time = SN.time;
 213   5                                      } else {
 214   5                                              // 南北红灯，东西绿灯
 215   5                                              EW.flag = GREEN;
 216   5                                              EW.time = SN.time - YELLOWTIME;
 217   5                                      }
 218   4                              }
 219   3                              isSet = 0;
 220   3                      }
 221   2          }
 222   1      }
 223          
 224          /********************T0计时器中断处理-交通灯LED/数码管*************************/
 225          void Timer0_Routine() interrupt 1 {     // 500us一次中断
 226   1          static unsigned int T0Count = 0;
 227   1              static unsigned int waitForGetT = 0;    // 1500次，即750ms，用于读取温度值
 228   1              TL0 = 0x33;        // 设置定时初值
 229   1          TH0 = 0xFE;        // 设置定时初值
 230   1              buzzerFlag = 1;    // 500微秒置1，即1kHZ振动蜂鸣器
 231   1              // 读取温度值
 232   1              waitForGetT++;
 233   1              if (waitForGetT>=1500) {
 234   2                      waitForGetT = 0;
 235   2                      t = DS18B20_ReadT();
 236   2              }
 237   1              
 238   1              if (isSet) {T0Count = 0; return;}       // 进入设置模式，则计数器回到初始状态
 239   1          T0Count++;
C51 COMPILER V9.60.7.0   MAIN                                                              11/01/2024 22:55:57 PAGE 5   

 240   1              
 241   1              // 最后3s每1s闪一次(一次暗亮)，黄灯除外
 242   1          if (T0Count == 10*100 || T0Count == 20*100) {
 243   2              // 南北方向闪烁处理
 244   2              if (SN.time <= BLINKTIME && SN.flag != YELLOW) {   
 245   3                              SN.isBlink = !SN.isBlink;
 246   3                              if (SN.time == 0) SN.isBlink = 0;       // 0s应该让Blink=0，防止后面不显示
 247   3                              blink(&SN);
 248   3              }       
 249   2              // 东西方向闪烁处理
 250   2              if (EW.time <= BLINKTIME && EW.flag != YELLOW) {
 251   3                              EW.isBlink = !EW.isBlink;
 252   3                              if (EW.time == 0)       EW.isBlink = 0; // 0s应该让Blink=0，防止后面不显示
 253   3                              blink(&EW);
 254   3              }
 255   2          }
 256   1              
 257   1              // 每一秒
 258   1              if (T0Count == 20*100) {
 259   2                      T0Count = 0;
 260   2                      SN.time--;
 261   2                      EW.time--;
 262   2              
 263   2                      // 时间到了，南北换灯
 264   2              if (SN.time == 0) {
 265   3                  if (SN.flag == GREEN) {
 266   4                      setYellow(&SN);
 267   4                  } else if (SN.flag == YELLOW) {
 268   4                      setRed(&SN);
 269   4                  } else if (SN.flag == RED) {
 270   4                      setGreen(&SN);
 271   4                  }
 272   3              }
 273   2                      // 时间到了，东西换灯
 274   2              if (EW.time == 0) {
 275   3                  if (EW.flag == GREEN) {
 276   4                      setYellow(&EW);
 277   4                  } else if (EW.flag == YELLOW) {
 278   4                      setRed(&EW);
 279   4                  } else if (EW.flag == RED) {
 280   4                      setGreen(&EW);
 281   4                  }
 282   3              }
 283   2              }
 284   1      }


MODULE INFORMATION:   STATIC OVERLAYABLE
   CODE SIZE        =   1329    ----
   CONSTANT SIZE    =   ----    ----
   XDATA SIZE       =   ----    ----
   PDATA SIZE       =   ----    ----
   DATA SIZE        =     17       8
   IDATA SIZE       =   ----    ----
   BIT SIZE         =   ----    ----
END OF MODULE INFORMATION.


C51 COMPILATION COMPLETE.  0 WARNING(S),  0 ERROR(S)
