C51 COMPILER V9.60.7.0   MATRIXKEY                                                         11/01/2024 02:23:07 PAGE 1   


C51 COMPILER V9.60.7.0, COMPILATION OF MODULE MATRIXKEY
OBJECT MODULE PLACED IN .\Objects\MatrixKey.obj
COMPILER INVOKED BY: D:\Developer\Keil_5\C51\BIN\C51.EXE MatrixKey.c OPTIMIZE(8,SPEED) BROWSE DEBUG OBJECTEXTEND PRINT(.
                    -\Listings\MatrixKey.lst) OBJECT(.\Objects\MatrixKey.obj)

line level    source

   1          /**************************************************
   2           * Author:       é™ˆéœ‡é›„
   3           * Date:         2024-10-30
   4           * Description:  çŸ©é˜µæŒ‰é”®ç›¸å…³
   5           **************************************************/
   6          
   7          #include <REGX52.H>
   8          #include "Delay.h"
   9          #include "TrafficLight.h"
  10          /**
  11            * @brief  çŸ©é˜µé”®ç›˜è¯»å–æŒ‰é”®é”®ç 
  12            * @param  æ— 
  13            * @retval KeyNumber æŒ‰ä¸‹æŒ‰é”®çš„é”®ç å€¼
  14                                  å¦‚æœæŒ‰é”®æŒ‰ä¸‹ä¸æ”¾ï¼Œç¨‹åºä¼šåœç•™åœ¨æ­¤å‡½æ•°ï¼Œæ¾æ‰‹çš„ä¸€ç¬é—´ï¼Œè¿”å›æŒ‰é”®é”®ç ï¼Œæ²¡æ
             -œ‰æŒ‰é”®æŒ‰ä¸‹æ—¶ï¼Œè¿”å›INVALID
  15            */
  16          unsigned char matrixKey()       
  17          {
  18   1              unsigned char KeyNumber=INVALID;
  19   1              
  20   1              P1=0xFF;
  21   1              P1_3=0;
  22   1              if(P1_7==0){delay(20);while(P1_7==0);delay(20);KeyNumber=1;}
  23   1              if(P1_6==0){delay(20);while(P1_6==0);delay(20);KeyNumber=5;}
  24   1              if(P1_5==0){delay(20);while(P1_5==0);delay(20);KeyNumber=9;}
  25   1              if(P1_4==0){delay(20);while(P1_4==0);delay(20);KeyNumber=13;}
  26   1              
  27   1              P1=0xFF;
  28   1              P1_2=0;
  29   1              if(P1_7==0){delay(20);while(P1_7==0);delay(20);KeyNumber=2;}
  30   1              if(P1_6==0){delay(20);while(P1_6==0);delay(20);KeyNumber=6;}
  31   1              if(P1_5==0){delay(20);while(P1_5==0);delay(20);KeyNumber=10;}
  32   1              if(P1_4==0){delay(20);while(P1_4==0);delay(20);KeyNumber=14;}
  33   1              
  34   1              P1=0xFF;
  35   1              P1_1=0;
  36   1              if(P1_7==0){delay(20);while(P1_7==0);delay(20);KeyNumber=3;}
  37   1              if(P1_6==0){delay(20);while(P1_6==0);delay(20);KeyNumber=7;}
  38   1              if(P1_5==0){delay(20);while(P1_5==0);delay(20);KeyNumber=11;}
  39   1              if(P1_4==0){delay(20);while(P1_4==0);delay(20);KeyNumber=15;}
  40   1              
  41   1              P1=0xFF;
  42   1              P1_0=0;
  43   1              if(P1_7==0){delay(20);while(P1_7==0);delay(20);KeyNumber=4;}
  44   1              if(P1_6==0){delay(20);while(P1_6==0);delay(20);KeyNumber=8;}
  45   1              if(P1_5==0){delay(20);while(P1_5==0);delay(20);KeyNumber=12;}
  46   1              if(P1_4==0){delay(20);while(P1_4==0);delay(20);KeyNumber=16;}
  47   1              
  48   1              return KeyNumber;
  49   1      }


MODULE INFORMATION:   STATIC OVERLAYABLE
   CODE SIZE        =    394    ----
C51 COMPILER V9.60.7.0   MATRIXKEY                                                         11/01/2024 02:23:07 PAGE 2   

   CONSTANT SIZE    =   ----    ----
   XDATA SIZE       =   ----    ----
   PDATA SIZE       =   ----    ----
   DATA SIZE        =   ----       1
   IDATA SIZE       =   ----    ----
   BIT SIZE         =   ----    ----
END OF MODULE INFORMATION.


C51 COMPILATION COMPLETE.  0 WARNING(S),  0 ERROR(S)
