C51 COMPILER V9.60.7.0   ONEWIRE                                                           11/01/2024 22:45:59 PAGE 1   


C51 COMPILER V9.60.7.0, COMPILATION OF MODULE ONEWIRE
OBJECT MODULE PLACED IN .\Objects\OneWire.obj
COMPILER INVOKED BY: D:\Developer\Keil_5\C51\BIN\C51.EXE OneWire.c OPTIMIZE(8,SPEED) BROWSE DEBUG OBJECTEXTEND PRINT(.\L
                    -istings\OneWire.lst) OBJECT(.\Objects\OneWire.obj)

line level    source

   1          /**************************************************
   2           * Author:       陈震雄
   3           * Date:         2024-11-1
   4           * Description:  红外传感器对应的单总线
   5           **************************************************/
   6          #include <REGX52.H>
   7          
   8          //引脚定义
   9          sbit OneWire_DQ=P3^7;
  10          
  11          /**
  12            * @brief  单总线初始化
  13            * @param  无
  14            * @retval 从机响应位，0为响应，1为未响应
  15            */
  16          unsigned char OneWire_Init(void)
  17          {
  18   1              unsigned char i;
  19   1              unsigned char AckBit;
  20   1              OneWire_DQ=1;
  21   1              OneWire_DQ=0;
  22   1              i = 247;while (--i);            //Delay 500us
  23   1              OneWire_DQ=1;
  24   1              i = 32;while (--i);                     //Delay 70us
  25   1              AckBit=OneWire_DQ;
  26   1              i = 247;while (--i);            //Delay 500us
  27   1              return AckBit;
  28   1      }
  29          
  30          /**
  31            * @brief  单总线发送一位
  32            * @param  Bit 要发送的位
  33            * @retval 无
  34            */
  35          void OneWire_SendBit(unsigned char Bit)
  36          {
  37   1              unsigned char i;
  38   1              OneWire_DQ=0;
  39   1              i = 4;while (--i);                      //Delay 10us
  40   1              OneWire_DQ=Bit;
  41   1              i = 24;while (--i);                     //Delay 50us
  42   1              OneWire_DQ=1;
  43   1      }
  44          
  45          /**
  46            * @brief  单总线接收一位
  47            * @param  无
  48            * @retval 读取的位
  49            */
  50          unsigned char OneWire_ReceiveBit(void)
  51          {
  52   1              unsigned char i;
  53   1              unsigned char Bit;
  54   1              OneWire_DQ=0;
C51 COMPILER V9.60.7.0   ONEWIRE                                                           11/01/2024 22:45:59 PAGE 2   

  55   1              i = 2;while (--i);                      //Delay 5us
  56   1              OneWire_DQ=1;
  57   1              i = 2;while (--i);                      //Delay 5us
  58   1              Bit=OneWire_DQ;
  59   1              i = 24;while (--i);                     //Delay 50us
  60   1              return Bit;
  61   1      }
  62          
  63          /**
  64            * @brief  单总线发送一个字节
  65            * @param  Byte 要发送的字节
  66            * @retval 无
  67            */
  68          void OneWire_SendByte(unsigned char Byte)
  69          {
  70   1              unsigned char i;
  71   1              for(i=0;i<8;i++)
  72   1              {
  73   2                      OneWire_SendBit(Byte&(0x01<<i));
  74   2              }
  75   1      }
  76          
  77          /**
  78            * @brief  单总线接收一个字节
  79            * @param  无
  80            * @retval 接收的一个字节
  81            */
  82          unsigned char OneWire_ReceiveByte(void)
  83          {
  84   1              unsigned char i;
  85   1              unsigned char Byte=0x00;
  86   1              for(i=0;i<8;i++)
  87   1              {
  88   2                      if(OneWire_ReceiveBit()){Byte|=(0x01<<i);}
  89   2              }
  90   1              return Byte;
  91   1      }


MODULE INFORMATION:   STATIC OVERLAYABLE
   CODE SIZE        =    122    ----
   CONSTANT SIZE    =   ----    ----
   XDATA SIZE       =   ----    ----
   PDATA SIZE       =   ----    ----
   DATA SIZE        =   ----    ----
   IDATA SIZE       =   ----    ----
   BIT SIZE         =   ----    ----
END OF MODULE INFORMATION.


C51 COMPILATION COMPLETE.  0 WARNING(S),  0 ERROR(S)
